<?xml version="1.0" encoding="UTF-8"?>
<!-- Generated by org.testng.reporters.JUnitReportReporter -->
<testsuite hostname="DESKTOP-9SHS4U0" failures="0" tests="1" name="test.ContactUsTest" time="8.459" errors="0" timestamp="2023-11-07T09:59:45 EST" skipped="0">
  <testcase classname="test.ContactUsTest" name="testContactUs" time="8.459"/>
</testsuite> <!-- test.ContactUsTest -->
