<?xml version="1.0" encoding="UTF-8"?>
<!-- Generated by org.testng.reporters.JUnitReportReporter -->
<testsuite hostname="DESKTOP-9SHS4U0" failures="0" tests="1" name="test.ContactUsTest" time="9.062" errors="0" timestamp="2023-11-06T21:56:03 EST" skipped="0">
  <testcase classname="test.ContactUsTest" name="f" time="9.062"/>
</testsuite> <!-- test.ContactUsTest -->
