<?xml version="1.0" encoding="UTF-8"?>
<!-- Generated by org.testng.reporters.JUnitReportReporter -->
<testsuite hostname="DESKTOP-9SHS4U0" failures="0" tests="1" name="test.ContactUsTest" time="10.599" errors="0" timestamp="2023-11-07T12:35:32 EST" skipped="0">
  <testcase classname="test.ContactUsTest" name="testContactUs" time="10.599"/>
</testsuite> <!-- test.ContactUsTest -->
